1527383443447	geckodriver	INFO	geckodriver 0.20.1
1527383443463	geckodriver	INFO	Listening on 127.0.0.1:50445
1527383444478	mozrunner::runner	INFO	Running command: "/Applications/Firefox.app/Contents/MacOS/firefox-bin" "-marionette" "-profile" "/var/folders/b0/_yf273qs2zd14dz5kn7jx03c0000gn/T/rust_mozprofile.FMDboIIBe9gS"
2018-05-27 09:10:47.363 plugin-container[988:33914] *** CFMessagePort: bootstrap_register(): failed 1100 (0x44c) 'Permission denied', port = 0x9d4b, name = 'com.apple.tsm.portname'
See /usr/include/servers/bootstrap_defs.h for the error codes.
2018-05-27 09:10:47.364 plugin-container[988:33914] CFPasteboardRef CFPasteboardCreate(CFAllocatorRef, CFStringRef) : failed to create global data
2018-05-27 09:10:47.364 plugin-container[988:33914] CFPasteboardRef CFPasteboardCreate(CFAllocatorRef, CFStringRef) : failed to create global data
2018-05-27 09:10:47.365 plugin-container[988:33914] CFPasteboardRef CFPasteboardCreate(CFAllocatorRef, CFStringRef) : failed to create global data
2018-05-27 09:10:47.366 plugin-container[988:33914] CFPasteboardRef CFPasteboardCreate(CFAllocatorRef, CFStringRef) : failed to create global data
2018-05-27 09:10:47.367 plugin-container[988:33914] CFPasteboardRef CFPasteboardCreate(CFAllocatorRef, CFStringRef) : failed to create global data
2018-05-27 09:10:47.368 plugin-container[988:33914] CFPasteboardRef CFPasteboardCreate(CFAllocatorRef, CFStringRef) : failed to create global data
2018-05-27 09:10:47.368 plugin-container[988:33914] CFPasteboardRef CFPasteboardCreate(CFAllocatorRef, CFStringRef) : failed to create global data
2018-05-27 09:10:47.368 plugin-container[988:33914] CFPasteboardRef CFPasteboardCreate(CFAllocatorRef, CFStringRef) : failed to create global data
2018-05-27 09:10:47.369 plugin-container[988:33914] CFPasteboardRef CFPasteboardCreate(CFAllocatorRef, CFStringRef) : failed to create global data
2018-05-27 09:10:47.369 plugin-container[988:33914] CFPasteboardRef CFPasteboardCreate(CFAllocatorRef, CFStringRef) : failed to create global data
2018-05-27 09:10:47.369 plugin-container[988:33914] CFPasteboardRef CFPasteboardCreate(CFAllocatorRef, CFStringRef) : failed to create global data
2018-05-27 09:10:47.369 plugin-container[988:33914] CFPasteboardRef CFPasteboardCreate(CFAllocatorRef, CFStringRef) : failed to create global data
2018-05-27 09:10:47.370 plugin-container[988:33914] CFPasteboardRef CFPasteboardCreate(CFAllocatorRef, CFStringRef) : failed to create global data
2018-05-27 09:10:47.370 plugin-container[988:33914] CFPasteboardRef CFPasteboardCreate(CFAllocatorRef, CFStringRef) : failed to create global data
2018-05-27 09:10:47.371 plugin-container[988:33914] CFPasteboardRef CFPasteboardCreate(CFAllocatorRef, CFStringRef) : failed to create global data
2018-05-27 09:10:47.371 plugin-container[988:33914] CFPasteboardRef CFPasteboardCreate(CFAllocatorRef, CFStringRef) : failed to create global data
2018-05-27 09:10:47.372 plugin-container[988:33914] CFPasteboardRef CFPasteboardCreate(CFAllocatorRef, CFStringRef) : failed to create global data
2018-05-27 09:10:47.372 plugin-container[988:33914] CFPasteboardRef CFPasteboardCreate(CFAllocatorRef, CFStringRef) : failed to create global data
2018-05-27 09:10:47.372 plugin-container[988:33914] CFPasteboardRef CFPasteboardCreate(CFAllocatorRef, CFStringRef) : failed to create global data
2018-05-27 09:10:47.376 plugin-container[988:33914] CFPasteboardRef CFPasteboardCreate(CFAllocatorRef, CFStringRef) : failed to create global data
2018-05-27 09:10:48.417 plugin-container[989:33987] *** CFMessagePort: bootstrap_register(): failed 1100 (0x44c) 'Permission denied', port = 0x9647, name = 'com.apple.tsm.portname'
See /usr/include/servers/bootstrap_defs.h for the error codes.
2018-05-27 09:10:48.417 plugin-container[989:33987] CFPasteboardRef CFPasteboardCreate(CFAllocatorRef, CFStringRef) : failed to create global data
2018-05-27 09:10:48.418 plugin-container[989:33987] CFPasteboardRef CFPasteboardCreate(CFAllocatorRef, CFStringRef) : failed to create global data
2018-05-27 09:10:48.418 plugin-container[989:33987] CFPasteboardRef CFPasteboardCreate(CFAllocatorRef, CFStringRef) : failed to create global data
2018-05-27 09:10:48.419 plugin-container[989:33987] CFPasteboardRef CFPasteboardCreate(CFAllocatorRef, CFStringRef) : failed to create global data
2018-05-27 09:10:48.420 plugin-container[989:33987] CFPasteboardRef CFPasteboardCreate(CFAllocatorRef, CFStringRef) : failed to create global data
2018-05-27 09:10:48.420 plugin-container[989:33987] CFPasteboardRef CFPasteboardCreate(CFAllocatorRef, CFStringRef) : failed to create global data
2018-05-27 09:10:48.420 plugin-container[989:33987] CFPasteboardRef CFPasteboardCreate(CFAllocatorRef, CFStringRef) : failed to create global data
2018-05-27 09:10:48.421 plugin-container[989:33987] CFPasteboardRef CFPasteboardCreate(CFAllocatorRef, CFStringRef) : failed to create global data
2018-05-27 09:10:48.421 plugin-container[989:33987] CFPasteboardRef CFPasteboardCreate(CFAllocatorRef, CFStringRef) : failed to create global data
2018-05-27 09:10:48.421 plugin-container[989:33987] CFPasteboardRef CFPasteboardCreate(CFAllocatorRef, CFStringRef) : failed to create global data
2018-05-27 09:10:48.421 plugin-container[989:33987] CFPasteboardRef CFPasteboardCreate(CFAllocatorRef, CFStringRef) : failed to create global data
2018-05-27 09:10:48.422 plugin-container[989:33987] CFPasteboardRef CFPasteboardCreate(CFAllocatorRef, CFStringRef) : failed to create global data
2018-05-27 09:10:48.422 plugin-container[989:33987] CFPasteboardRef CFPasteboardCreate(CFAllocatorRef, CFStringRef) : failed to create global data
2018-05-27 09:10:48.422 plugin-container[989:33987] CFPasteboardRef CFPasteboardCreate(CFAllocatorRef, CFStringRef) : failed to create global data
2018-05-27 09:10:48.422 plugin-container[989:33987] CFPasteboardRef CFPasteboardCreate(CFAllocatorRef, CFStringRef) : failed to create global data
2018-05-27 09:10:48.423 plugin-container[989:33987] CFPasteboardRef CFPasteboardCreate(CFAllocatorRef, CFStringRef) : failed to create global data
2018-05-27 09:10:48.423 plugin-container[989:33987] CFPasteboardRef CFPasteboardCreate(CFAllocatorRef, CFStringRef) : failed to create global data
2018-05-27 09:10:48.423 plugin-container[989:33987] CFPasteboardRef CFPasteboardCreate(CFAllocatorRef, CFStringRef) : failed to create global data
2018-05-27 09:10:48.423 plugin-container[989:33987] CFPasteboardRef CFPasteboardCreate(CFAllocatorRef, CFStringRef) : failed to create global data
2018-05-27 09:10:48.427 plugin-container[989:33987] CFPasteboardRef CFPasteboardCreate(CFAllocatorRef, CFStringRef) : failed to create global data
1527383449996	Marionette	INFO	Listening on port 50456
1527383450097	Marionette	WARN	TLS certificate errors will be ignored for this session
1527383625179	addons.productaddons	WARN	Failed downloading via XHR, status: 0, reason: error
